2024-07-04T23:33:05.258448879+07:00 - NeoAnki started
2024-07-04T23:33:05.259122166+07:00 - Game loop started
2024-07-04T23:33:09.024258838+07:00 - In switch
2024-07-04T23:33:09.024434624+07:00 - Now state is Game, dump is Input
2024-07-04T23:33:09.315903694+07:00 - In switch
2024-07-04T23:33:09.316101278+07:00 - Now state is Input, dump is Game
2024-07-04T23:33:09.968670008+07:00 - In switch
2024-07-04T23:33:09.968873226+07:00 - Now state is Game, dump is Game
2024-07-04T23:37:42.543431151+07:00 - NeoAnki stopped
2024-07-04T23:37:47.620412938+07:00 - NeoAnki started
2024-07-04T23:37:47.621504890+07:00 - Game loop started
2024-07-04T23:37:50.763391224+07:00 - In switch
2024-07-04T23:37:50.763648290+07:00 - Now state is Game, dump is Input
2024-07-04T23:37:51.699735759+07:00 - In switch
2024-07-04T23:37:51.699911098+07:00 - Now state is Input, dump is Game
2024-07-04T23:38:10.322529385+07:00 - In switch
2024-07-04T23:38:10.322745069+07:00 - Now state is Game, dump is Game
2024-07-04T23:38:11.254719764+07:00 - NeoAnki stopped

2024-07-04T23:38:14.521907064+07:00 - NeoAnki started
2024-07-04T23:38:14.522454038+07:00 - Game loop started
